0 info it worked if it ends with ok
1 verbose cli [ '/Users/roberto/.nvm/v0.10.21/bin/node',
1 verbose cli   '/Users/roberto/.nvm/v0.10.21/bin/npm',
1 verbose cli   'version',
1 verbose cli   '0.0.30' ]
2 info using npm@1.3.11
3 info using node@v0.10.21
4 error Error: Version not changed
4 error     at /Users/roberto/.nvm/v0.10.21/lib/node_modules/npm/lib/version.js:59:45
4 error     at fs.js:266:14
4 error     at /Users/roberto/.nvm/v0.10.21/lib/node_modules/npm/node_modules/graceful-fs/graceful-fs.js:103:5
4 error     at Object.oncomplete (fs.js:107:15)
5 error If you need help, you may report this log at:
5 error     <http://github.com/isaacs/npm/issues>
5 error or email it to:
5 error     <npm-@googlegroups.com>
6 error System Darwin 13.1.0
7 error command "/Users/roberto/.nvm/v0.10.21/bin/node" "/Users/roberto/.nvm/v0.10.21/bin/npm" "version" "0.0.30"
8 error cwd /Users/roberto/proyectos/3vot-core/3vot_cloud
9 error node -v v0.10.21
10 error npm -v 1.3.11
11 verbose exit [ 1, true ]
